<?xml version="1.0" encoding="UTF-8" ?>
<testsuite failures="1" time="2.427" errors="0" skipped="3" tests="4" name="com.pahlsoft.logfarm.test.jpa.JpaTest">
  <properties>
    <property name="java.runtime.name" value="Java(TM) SE Runtime Environment"/>
    <property name="sun.boot.library.path" value="/Library/Java/JavaVirtualMachines/jdk1.7.0_60.jdk/Contents/Home/jre/lib"/>
    <property name="java.vm.version" value="24.60-b09"/>
    <property name="gopherProxySet" value="false"/>
    <property name="java.vm.vendor" value="Oracle Corporation"/>
    <property name="java.vendor.url" value="http://java.oracle.com/"/>
    <property name="path.separator" value=":"/>
    <property name="guice.disable.misplaced.annotation.check" value="true"/>
    <property name="java.vm.name" value="Java HotSpot(TM) 64-Bit Server VM"/>
    <property name="file.encoding.pkg" value="sun.io"/>
    <property name="user.country" value="US"/>
    <property name="sun.java.launcher" value="SUN_STANDARD"/>
    <property name="sun.os.patch.level" value="unknown"/>
    <property name="java.vm.specification.name" value="Java Virtual Machine Specification"/>
    <property name="user.dir" value="/Users/aj/GitHub/logfarm"/>
    <property name="java.runtime.version" value="1.7.0_60-ea-b15"/>
    <property name="java.awt.graphicsenv" value="sun.awt.CGraphicsEnvironment"/>
    <property name="java.endorsed.dirs" value="/Library/Java/JavaVirtualMachines/jdk1.7.0_60.jdk/Contents/Home/jre/lib/endorsed"/>
    <property name="os.arch" value="x86_64"/>
    <property name="java.io.tmpdir" value="/var/folders/gz/76rhyc9d1rz65vmg19wff0sr0000gn/T/"/>
    <property name="line.separator" value="
"/>
    <property name="java.vm.specification.vendor" value="Oracle Corporation"/>
    <property name="os.name" value="Mac OS X"/>
    <property name="classworlds.conf" value="/usr/local/Cellar/maven/3.1.1/libexec/bin/m2.conf"/>
    <property name="sun.jnu.encoding" value="UTF-8"/>
    <property name="java.library.path" value="/Users/aj/Library/Java/Extensions:/Library/Java/Extensions:/Network/Library/Java/Extensions:/System/Library/Java/Extensions:/usr/lib/java:."/>
    <property name="java.specification.name" value="Java Platform API Specification"/>
    <property name="java.class.version" value="51.0"/>
    <property name="sun.management.compiler" value="HotSpot 64-Bit Tiered Compilers"/>
    <property name="os.version" value="10.9.2"/>
    <property name="http.nonProxyHosts" value="local|*.local|169.254/16|*.169.254/16"/>
    <property name="user.home" value="/Users/aj"/>
    <property name="user.timezone" value="America/New_York"/>
    <property name="java.awt.printerjob" value="sun.lwawt.macosx.CPrinterJob"/>
    <property name="java.specification.version" value="1.7"/>
    <property name="file.encoding" value="UTF-8"/>
    <property name="user.name" value="aj"/>
    <property name="java.class.path" value="/usr/local/Cellar/maven/3.1.1/libexec/boot/plexus-classworlds-2.5.1.jar"/>
    <property name="org.slf4j.simpleLogger.defaultLogLevel" value="info"/>
    <property name="java.vm.specification.version" value="1.7"/>
    <property name="sun.arch.data.model" value="64"/>
    <property name="java.home" value="/Library/Java/JavaVirtualMachines/jdk1.7.0_60.jdk/Contents/Home/jre"/>
    <property name="sun.java.command" value="org.codehaus.plexus.classworlds.launcher.Launcher install"/>
    <property name="java.specification.vendor" value="Oracle Corporation"/>
    <property name="user.language" value="en"/>
    <property name="awt.toolkit" value="sun.lwawt.macosx.LWCToolkit"/>
    <property name="java.vm.info" value="mixed mode"/>
    <property name="java.version" value="1.7.0_60-ea"/>
    <property name="java.ext.dirs" value="/Users/aj/Library/Java/Extensions:/Library/Java/JavaVirtualMachines/jdk1.7.0_60.jdk/Contents/Home/jre/lib/ext:/Library/Java/Extensions:/Network/Library/Java/Extensions:/System/Library/Java/Extensions:/usr/lib/java"/>
    <property name="sun.boot.class.path" value="/Library/Java/JavaVirtualMachines/jdk1.7.0_60.jdk/Contents/Home/jre/lib/resources.jar:/Library/Java/JavaVirtualMachines/jdk1.7.0_60.jdk/Contents/Home/jre/lib/rt.jar:/Library/Java/JavaVirtualMachines/jdk1.7.0_60.jdk/Contents/Home/jre/lib/sunrsasign.jar:/Library/Java/JavaVirtualMachines/jdk1.7.0_60.jdk/Contents/Home/jre/lib/jsse.jar:/Library/Java/JavaVirtualMachines/jdk1.7.0_60.jdk/Contents/Home/jre/lib/jce.jar:/Library/Java/JavaVirtualMachines/jdk1.7.0_60.jdk/Contents/Home/jre/lib/charsets.jar:/Library/Java/JavaVirtualMachines/jdk1.7.0_60.jdk/Contents/Home/jre/lib/jfr.jar:/Library/Java/JavaVirtualMachines/jdk1.7.0_60.jdk/Contents/Home/jre/classes"/>
    <property name="java.vendor" value="Oracle Corporation"/>
    <property name="maven.home" value="/usr/local/Cellar/maven/3.1.1/libexec"/>
    <property name="file.separator" value="/"/>
    <property name="java.vendor.url.bug" value="http://bugreport.sun.com/bugreport/"/>
    <property name="sun.cpu.endian" value="little"/>
    <property name="sun.io.unicode.encoding" value="UnicodeBig"/>
    <property name="socksNonProxyHosts" value="local|*.local|169.254/16|*.169.254/16"/>
    <property name="ftp.nonProxyHosts" value="local|*.local|169.254/16|*.169.254/16"/>
    <property name="sun.cpu.isalist" value=""/>
  </properties>
  <testcase time="2.427" classname="com.pahlsoft.logfarm.test.jpa.JpaTest" name="init">
    <failure message="localized message key: access-duplicate; substitutions: [private com.pahlsoft.logfarm.enums.RetentionTypes com.pahlsoft.logfarm.entity.ConfEntity.defaultRetentionDays, public com.pahlsoft.logfarm.enums.RetentionTypes com.pahlsoft.logfarm.entity.ConfEntity.getDefaultRetentionDays()]" type="&lt;openjpa-2.2.2-r422266">&lt;openjpa-2.2.2-r422266:1468616 nonfatal user error&gt; org.apache.openjpa.persistence.ArgumentException: localized message key: access-duplicate; substitutions: [private com.pahlsoft.logfarm.enums.RetentionTypes com.pahlsoft.logfarm.entity.ConfEntity.defaultRetentionDays, public com.pahlsoft.logfarm.enums.RetentionTypes com.pahlsoft.logfarm.entity.ConfEntity.getDefaultRetentionDays()]
	at org.apache.openjpa.meta.AbstractMetaDataDefaults.populateFromPCRegistry(AbstractMetaDataDefaults.java:200)
	at org.apache.openjpa.meta.AbstractMetaDataDefaults.populate(AbstractMetaDataDefaults.java:165)
	at org.apache.openjpa.persistence.PersistenceMetaDataDefaults.populate(PersistenceMetaDataDefaults.java:279)
	at org.apache.openjpa.meta.MetaDataRepository.addMetaData(MetaDataRepository.java:920)
	at org.apache.openjpa.meta.MetaDataRepository.addMetaData(MetaDataRepository.java:905)
	at org.apache.openjpa.persistence.AnnotationPersistenceMetaDataParser.getMetaData(AnnotationPersistenceMetaDataParser.java:752)
	at org.apache.openjpa.persistence.AnnotationPersistenceMetaDataParser.parseClassAnnotations(AnnotationPersistenceMetaDataParser.java:545)
	at org.apache.openjpa.persistence.AnnotationPersistenceMetaDataParser.parse(AnnotationPersistenceMetaDataParser.java:415)
	at org.apache.openjpa.persistence.PersistenceMetaDataFactory.load(PersistenceMetaDataFactory.java:260)
	at org.apache.openjpa.meta.MetaDataRepository.getMetaDataInternal(MetaDataRepository.java:586)
	at org.apache.openjpa.meta.MetaDataRepository.getMetaDataInternal(MetaDataRepository.java:396)
	at org.apache.openjpa.meta.MetaDataRepository.getMetaData(MetaDataRepository.java:388)
	at org.apache.openjpa.jdbc.meta.MappingRepository.getMapping(MappingRepository.java:354)
	at org.apache.openjpa.jdbc.meta.MappingTool.getMapping(MappingTool.java:682)
	at org.apache.openjpa.jdbc.meta.MappingTool.buildSchema(MappingTool.java:754)
	at org.apache.openjpa.jdbc.meta.MappingTool.run(MappingTool.java:652)
	at org.apache.openjpa.jdbc.kernel.JDBCBrokerFactory.synchronizeMappings(JDBCBrokerFactory.java:154)
	at org.apache.openjpa.jdbc.kernel.JDBCBrokerFactory.synchronizeMappings(JDBCBrokerFactory.java:164)
	at org.apache.openjpa.jdbc.kernel.JDBCBrokerFactory.newBrokerImpl(JDBCBrokerFactory.java:122)
	at org.apache.openjpa.kernel.AbstractBrokerFactory.newBroker(AbstractBrokerFactory.java:209)
	at org.apache.openjpa.kernel.DelegatingBrokerFactory.newBroker(DelegatingBrokerFactory.java:156)
	at org.apache.openjpa.persistence.EntityManagerFactoryImpl.createEntityManager(EntityManagerFactoryImpl.java:227)
	at org.apache.openjpa.persistence.EntityManagerFactoryImpl.createEntityManager(EntityManagerFactoryImpl.java:154)
	at org.apache.openjpa.persistence.EntityManagerFactoryImpl.createEntityManager(EntityManagerFactoryImpl.java:60)
	at com.pahlsoft.logfarm.test.jpa.JpaTest.init(JpaTest.java:25)
Caused by: java.lang.IllegalStateException: localized message key: access-duplicate; substitutions: [private com.pahlsoft.logfarm.enums.RetentionTypes com.pahlsoft.logfarm.entity.ConfEntity.defaultRetentionDays, public com.pahlsoft.logfarm.enums.RetentionTypes com.pahlsoft.logfarm.entity.ConfEntity.getDefaultRetentionDays()]
	at org.apache.openjpa.persistence.PersistenceMetaDataDefaults.getMemberByProperty(PersistenceMetaDataDefaults.java:692)
	at org.apache.openjpa.meta.AbstractMetaDataDefaults.populateFromPCRegistry(AbstractMetaDataDefaults.java:186)
	... 58 more
</failure>
    <system-out>Configuring TestNG with: org.apache.maven.surefire.testng.conf.TestNGMapConfigurator@670a59d2
Initializing Tests...
</system-out>
  </testcase>
  <testcase time="0" classname="com.pahlsoft.logfarm.test.jpa.JpaTest" name="insertConfigurationItem">
    <skipped/>
  </testcase>
  <testcase time="0" classname="com.pahlsoft.logfarm.test.jpa.JpaTest" name="selectConfigurationItem">
    <skipped/>
  </testcase>
  <testcase time="0" classname="com.pahlsoft.logfarm.test.jpa.JpaTest" name="deleteConfigurationItem">
    <skipped/>
  </testcase>
</testsuite>